<?xml version="1.0" encoding="UTF-8"?>
<robot generator="Robot 4.1.3 (Python 3.10.1 on win32)" generated="20220304 18:07:40.434" rpa="false" schemaversion="2">
<suite id="s1" name="TC4 Put Request" source="C:\Users\milad\Desktop\Project_RestAPI\ProjectApi\TeseCases\Scenarion4\TC4_Put_Request.robot">
<test id="s1-t1" name="TC4_Post_Request">
<kw name="Create Dictionary" library="BuiltIn">
<var>${header}</var>
<arg>Accept=application/json</arg>
<arg>Content-type=application/json</arg>
<doc>Creates and returns a dictionary based on the given ``items``.</doc>
<msg timestamp="20220304 18:07:41.905" level="INFO">${header} = {'Accept': 'application/json', 'Content-type': 'application/json'}</msg>
<status status="PASS" starttime="20220304 18:07:41.904" endtime="20220304 18:07:41.906"/>
</kw>
<kw name="Create Session" library="RequestsLibrary">
<arg>mysession</arg>
<arg>${Base_Url}</arg>
<arg>headers=${header}</arg>
<doc>Create Session: create a HTTP session to a server</doc>
<msg timestamp="20220304 18:07:41.908" level="INFO">Creating Session using : alias=mysession, url=https://reqres.in, headers={'Accept': 'application/json', 'Content-type': 'application/json'},                     cookies={}, auth=None, timeout=None, proxies=None, verify=False,                     debug=0 </msg>
<status status="PASS" starttime="20220304 18:07:41.907" endtime="20220304 18:07:41.909"/>
</kw>
<kw name="Create Dictionary" library="BuiltIn">
<var>${body}</var>
<arg>name=morpheus</arg>
<arg>job=leader</arg>
<arg>email=morpheus@gmail.com</arg>
<doc>Creates and returns a dictionary based on the given ``items``.</doc>
<msg timestamp="20220304 18:07:41.913" level="INFO">${body} = {'name': 'morpheus', 'job': 'leader', 'email': 'morpheus@gmail.com'}</msg>
<status status="PASS" starttime="20220304 18:07:41.911" endtime="20220304 18:07:41.913"/>
</kw>
<kw name="POST On Session" library="RequestsLibrary">
<var>${response}</var>
<arg>mysession</arg>
<arg>/api/users</arg>
<arg>json=${body}</arg>
<doc>Sends a POST request on a previously created HTTP Session.</doc>
<msg timestamp="20220304 18:07:42.642" level="INFO">POST Request : url=https://reqres.in/api/users 
 path_url=/api/users 
 headers={'User-Agent': 'python-requests/2.26.0', 'Accept-Encoding': 'gzip, deflate', 'Accept': 'application/json', 'Connection': 'keep-alive', 'Content-type': 'application/json', 'Content-Length': '68'} 
 body=b'{"name": "morpheus", "job": "leader", "email": "morpheus@gmail.com"}' 
 </msg>
<msg timestamp="20220304 18:07:42.643" level="INFO">POST Response : url=https://reqres.in/api/users 
 status=201, reason=Created 
 headers={'Date': 'Fri, 04 Mar 2022 14:37:42 GMT', 'Content-Type': 'application/json; charset=utf-8', 'Content-Length': '113', 'Connection': 'keep-alive', 'X-Powered-By': 'Express', 'Access-Control-Allow-Origin': '*', 'Etag': 'W/"71-zpDL6/1P1boVA//R2Z+T+nuCLKg"', 'Via': '1.1 vegur', 'CF-Cache-Status': 'DYNAMIC', 'Expect-CT': 'max-age=604800, report-uri="https://report-uri.cloudflare.com/cdn-cgi/beacon/expect-ct"', 'Report-To': '{"endpoints":[{"url":"https:\\/\\/a.nel.cloudflare.com\\/report\\/v3?s=6VMa6U%2FeYsCxLQ5uMRmCfHc7JwqyLsfuMg%2Ba3EC9TAb7sYeLwfPM0BRpGdyuIAS1Jvlkz5%2BojWrRR%2B2MwyGwQuWY7wvFZRicIKPrQx5k%2FVvlVup4LhqU%2BvipqF0%3D"}],"group":"cf-nel","max_age":604800}', 'NEL': '{"success_fraction":0,"report_to":"cf-nel","max_age":604800}', 'Server': 'cloudflare', 'CF-RAY': '6e6b59f53ba39c0c-FRA', 'alt-svc': 'h3=":443"; ma=86400, h3-29=":443"; ma=86400'} 
 body={"name":"morpheus","job":"leader","email":"morpheus@gmail.com","id":"245","createdAt":"2022-03-04T14:37:42.642Z"} 
 </msg>
<msg timestamp="20220304 18:07:42.643" level="INFO">C:\Program Files\Python310\lib\site-packages\urllib3\connectionpool.py:1013: InsecureRequestWarning: Unverified HTTPS request is being made to host 'reqres.in'. Adding certificate verification is strongly advised. See: https://urllib3.readthedocs.io/en/1.26.x/advanced-usage.html#ssl-warnings
  warnings.warn(</msg>
<msg timestamp="20220304 18:07:42.648" level="INFO">${response} = &lt;Response [201]&gt;</msg>
<status status="PASS" starttime="20220304 18:07:41.916" endtime="20220304 18:07:42.648"/>
</kw>
<kw name="Create Dictionary" library="BuiltIn">
<var>${Update_data}</var>
<arg>name=david</arg>
<arg>job=leader</arg>
<arg>email=david@gmail.com</arg>
<doc>Creates and returns a dictionary based on the given ``items``.</doc>
<msg timestamp="20220304 18:07:42.653" level="INFO">${Update_data} = {'name': 'david', 'job': 'leader', 'email': 'david@gmail.com'}</msg>
<status status="PASS" starttime="20220304 18:07:42.650" endtime="20220304 18:07:42.653"/>
</kw>
<kw name="POST On Session" library="RequestsLibrary">
<var>${response}</var>
<arg>mysession</arg>
<arg>/api/users</arg>
<arg>json=${Update_data}</arg>
<doc>Sends a POST request on a previously created HTTP Session.</doc>
<msg timestamp="20220304 18:07:42.862" level="INFO">POST Request : url=https://reqres.in/api/users 
 path_url=/api/users 
 headers={'User-Agent': 'python-requests/2.26.0', 'Accept-Encoding': 'gzip, deflate', 'Accept': 'application/json', 'Connection': 'keep-alive', 'Content-type': 'application/json', 'Content-Length': '62'} 
 body=b'{"name": "david", "job": "leader", "email": "david@gmail.com"}' 
 </msg>
<msg timestamp="20220304 18:07:42.863" level="INFO">POST Response : url=https://reqres.in/api/users 
 status=201, reason=Created 
 headers={'Date': 'Fri, 04 Mar 2022 14:37:42 GMT', 'Content-Type': 'application/json; charset=utf-8', 'Content-Length': '107', 'Connection': 'keep-alive', 'X-Powered-By': 'Express', 'Access-Control-Allow-Origin': '*', 'Etag': 'W/"6b-VpE2tBMLLcvxKAZjVtTHRWSp51M"', 'Via': '1.1 vegur', 'CF-Cache-Status': 'DYNAMIC', 'Expect-CT': 'max-age=604800, report-uri="https://report-uri.cloudflare.com/cdn-cgi/beacon/expect-ct"', 'Report-To': '{"endpoints":[{"url":"https:\\/\\/a.nel.cloudflare.com\\/report\\/v3?s=r9qNwNiwKqS4PZXgtZz4q%2Fg%2FQeuAWQRiT3L%2BVO9I8oMLJA5g5%2FQtAUyHgxw4kOS%2Fs%2FPSgSTKORo4DKp9zGcgtVZU9e9LKgCK3B62%2B1co00fbjUIf9nwLtVQjd38%3D"}],"group":"cf-nel","max_age":604800}', 'NEL': '{"success_fraction":0,"report_to":"cf-nel","max_age":604800}', 'Server': 'cloudflare', 'CF-RAY': '6e6b59f6af1c9c0c-FRA', 'alt-svc': 'h3=":443"; ma=86400, h3-29=":443"; ma=86400'} 
 body={"name":"david","job":"leader","email":"david@gmail.com","id":"590","createdAt":"2022-03-04T14:37:42.865Z"} 
 </msg>
<msg timestamp="20220304 18:07:42.863" level="INFO">C:\Program Files\Python310\lib\site-packages\urllib3\connectionpool.py:1013: InsecureRequestWarning: Unverified HTTPS request is being made to host 'reqres.in'. Adding certificate verification is strongly advised. See: https://urllib3.readthedocs.io/en/1.26.x/advanced-usage.html#ssl-warnings
  warnings.warn(</msg>
<msg timestamp="20220304 18:07:42.868" level="INFO">${response} = &lt;Response [201]&gt;</msg>
<status status="PASS" starttime="20220304 18:07:42.655" endtime="20220304 18:07:42.869"/>
</kw>
<kw name="Set Variable" library="BuiltIn">
<var>${respons_content}</var>
<arg>${response.json()}</arg>
<doc>Returns the given values which can then be assigned to a variables.</doc>
<msg timestamp="20220304 18:07:42.875" level="INFO">${respons_content} = {'name': 'david', 'job': 'leader', 'email': 'david@gmail.com', 'id': '590', 'createdAt': '2022-03-04T14:37:42.865Z'}</msg>
<status status="PASS" starttime="20220304 18:07:42.871" endtime="20220304 18:07:42.876"/>
</kw>
<kw name="Log To Console" library="BuiltIn">
<arg>${respons_content}</arg>
<doc>Logs the given message to the console.</doc>
<status status="PASS" starttime="20220304 18:07:42.877" endtime="20220304 18:07:42.880"/>
</kw>
<kw name="Get Value From Json" library="JSONLibrary">
<var>${Update_Name_Value}</var>
<arg>${respons_content}</arg>
<arg>$.name</arg>
<doc>Get Value From JSON using JSONPath</doc>
<msg timestamp="20220304 18:07:43.004" level="INFO">${Update_Name_Value} = ['david']</msg>
<status status="PASS" starttime="20220304 18:07:42.882" endtime="20220304 18:07:43.004"/>
</kw>
<kw name="Should Be Equal As Strings" library="BuiltIn">
<arg>${Update_Name_Value}</arg>
<arg>['david']</arg>
<doc>Fails if objects are unequal after converting them to strings.</doc>
<msg timestamp="20220304 18:07:43.007" level="INFO">Argument types are:
&lt;class 'list'&gt;
&lt;type 'unicode'&gt;</msg>
<status status="PASS" starttime="20220304 18:07:43.006" endtime="20220304 18:07:43.007"/>
</kw>
<kw name="Get Value From Json" library="JSONLibrary">
<var>${Update_Email_Value}</var>
<arg>${respons_content}</arg>
<arg>$.email</arg>
<doc>Get Value From JSON using JSONPath</doc>
<msg timestamp="20220304 18:07:43.087" level="INFO">${Update_Email_Value} = ['david@gmail.com']</msg>
<status status="PASS" starttime="20220304 18:07:43.008" endtime="20220304 18:07:43.087"/>
</kw>
<kw name="Should Be Equal As Strings" library="BuiltIn">
<arg>${Update_Email_Value}</arg>
<arg>['david@gmail.com']</arg>
<doc>Fails if objects are unequal after converting them to strings.</doc>
<msg timestamp="20220304 18:07:43.090" level="INFO">Argument types are:
&lt;class 'list'&gt;
&lt;type 'unicode'&gt;</msg>
<status status="PASS" starttime="20220304 18:07:43.089" endtime="20220304 18:07:43.090"/>
</kw>
<kw name="Get Value From Json" library="JSONLibrary">
<var>${Check_ID}</var>
<arg>${Update_Name_Value}</arg>
<arg>$.id</arg>
<doc>Get Value From JSON using JSONPath</doc>
<msg timestamp="20220304 18:07:43.172" level="INFO">${Check_ID} = []</msg>
<status status="PASS" starttime="20220304 18:07:43.091" endtime="20220304 18:07:43.172"/>
</kw>
<kw name="Should Be True" library="BuiltIn">
<arg>len(${Check_ID}) &lt;= 3</arg>
<doc>Fails if the given condition is not true.</doc>
<status status="PASS" starttime="20220304 18:07:43.173" endtime="20220304 18:07:43.175"/>
</kw>
<kw name="Get Value From Json" library="JSONLibrary">
<var>${CreatedAt_Value}</var>
<arg>${respons_content}</arg>
<arg>$.createdAt</arg>
<doc>Get Value From JSON using JSONPath</doc>
<msg timestamp="20220304 18:07:43.296" level="INFO">${CreatedAt_Value} = ['2022-03-04T14:37:42.865Z']</msg>
<status status="PASS" starttime="20220304 18:07:43.176" endtime="20220304 18:07:43.297"/>
</kw>
<kw name="Log To Console" library="BuiltIn">
<arg>${CreatedAt_Value}</arg>
<doc>Logs the given message to the console.</doc>
<status status="PASS" starttime="20220304 18:07:43.298" endtime="20220304 18:07:43.299"/>
</kw>
<kw name="Get From List" library="Collections">
<var>${list}</var>
<arg>${CreatedAt_Value}</arg>
<arg>0</arg>
<doc>Returns the value specified with an ``index`` from ``list``.</doc>
<msg timestamp="20220304 18:07:43.301" level="INFO">${list} = 2022-03-04T14:37:42.865Z</msg>
<status status="PASS" starttime="20220304 18:07:43.300" endtime="20220304 18:07:43.301"/>
</kw>
<kw name="Log To Console" library="BuiltIn">
<arg>${list}</arg>
<doc>Logs the given message to the console.</doc>
<status status="PASS" starttime="20220304 18:07:43.303" endtime="20220304 18:07:43.306"/>
</kw>
<kw name="Convert To String" library="BuiltIn">
<var>${int}</var>
<arg>${list}</arg>
<doc>Converts the given item to a Unicode string.</doc>
<msg timestamp="20220304 18:07:43.308" level="INFO">${int} = 2022-03-04T14:37:42.865Z</msg>
<status status="PASS" starttime="20220304 18:07:43.307" endtime="20220304 18:07:43.308"/>
</kw>
<kw name="Log To Console" library="BuiltIn">
<arg>${int}</arg>
<doc>Logs the given message to the console.</doc>
<status status="PASS" starttime="20220304 18:07:43.309" endtime="20220304 18:07:43.311"/>
</kw>
<kw name="Date" library="Import">
<var>${Jalali_Date}</var>
<arg>${int}</arg>
<msg timestamp="20220304 18:07:43.320" level="INFO">${Jalali_Date} = 1400-12-13</msg>
<status status="PASS" starttime="20220304 18:07:43.312" endtime="20220304 18:07:43.320"/>
</kw>
<kw name="Log To Console" library="BuiltIn">
<arg>${Jalali_Date}</arg>
<doc>Logs the given message to the console.</doc>
<status status="PASS" starttime="20220304 18:07:43.321" endtime="20220304 18:07:43.322"/>
</kw>
<tag>Import_Library</tag>
<status status="PASS" starttime="20220304 18:07:41.902" endtime="20220304 18:07:43.323"/>
</test>
<doc>A test with Post method and checking update date &amp; convert createAt date</doc>
<status status="PASS" starttime="20220304 18:07:40.440" endtime="20220304 18:07:43.326"/>
</suite>
<statistics>
<total>
<stat pass="1" fail="0" skip="0">All Tests</stat>
</total>
<tag>
<stat pass="1" fail="0" skip="0">Import_Library</stat>
</tag>
<suite>
<stat pass="1" fail="0" skip="0" id="s1" name="TC4 Put Request">TC4 Put Request</stat>
</suite>
</statistics>
<errors>
</errors>
</robot>
