<?xml version="1.0" encoding="UTF-8"?>
<robot generator="Robot 4.1.3 (Python 3.10.1 on win32)" generated="20220305 12:44:39.468" rpa="false" schemaversion="2">
<suite id="s1" name="TC4 Put Request" source="C:\Users\milad\Desktop\Project_RestAPI\ProjectApi\TeseCases\Scenarion4\TC4_Put_Request.robot">
<test id="s1-t1" name="TC4_Post_Request">
<kw name="Create Dictionary" library="BuiltIn">
<var>${header}</var>
<arg>Accept=application/json</arg>
<arg>Content-type=application/json</arg>
<doc>Creates and returns a dictionary based on the given ``items``.</doc>
<msg timestamp="20220305 12:44:41.100" level="INFO">${header} = {'Accept': 'application/json', 'Content-type': 'application/json'}</msg>
<status status="PASS" starttime="20220305 12:44:41.098" endtime="20220305 12:44:41.100"/>
</kw>
<kw name="Create Session" library="RequestsLibrary">
<arg>mysession</arg>
<arg>${Base_Url}</arg>
<arg>headers=${header}</arg>
<doc>Create Session: create a HTTP session to a server</doc>
<msg timestamp="20220305 12:44:41.105" level="INFO">Creating Session using : alias=mysession, url=https://reqres.in, headers={'Accept': 'application/json', 'Content-type': 'application/json'},                     cookies={}, auth=None, timeout=None, proxies=None, verify=False,                     debug=0 </msg>
<status status="PASS" starttime="20220305 12:44:41.102" endtime="20220305 12:44:41.106"/>
</kw>
<kw name="Create Dictionary" library="BuiltIn">
<var>${body}</var>
<arg>name=morpheus</arg>
<arg>job=leader</arg>
<arg>email=morpheus@gmail.com</arg>
<doc>Creates and returns a dictionary based on the given ``items``.</doc>
<msg timestamp="20220305 12:44:41.110" level="INFO">${body} = {'name': 'morpheus', 'job': 'leader', 'email': 'morpheus@gmail.com'}</msg>
<status status="PASS" starttime="20220305 12:44:41.108" endtime="20220305 12:44:41.110"/>
</kw>
<kw name="POST On Session" library="RequestsLibrary">
<var>${response}</var>
<arg>mysession</arg>
<arg>/api/users</arg>
<arg>json=${body}</arg>
<doc>Sends a POST request on a previously created HTTP Session.</doc>
<msg timestamp="20220305 12:44:41.750" level="INFO">POST Request : url=https://reqres.in/api/users 
 path_url=/api/users 
 headers={'User-Agent': 'python-requests/2.26.0', 'Accept-Encoding': 'gzip, deflate', 'Accept': 'application/json', 'Connection': 'keep-alive', 'Content-type': 'application/json', 'Content-Length': '68'} 
 body=b'{"name": "morpheus", "job": "leader", "email": "morpheus@gmail.com"}' 
 </msg>
<msg timestamp="20220305 12:44:41.751" level="INFO">POST Response : url=https://reqres.in/api/users 
 status=201, reason=Created 
 headers={'Date': 'Sat, 05 Mar 2022 09:14:41 GMT', 'Content-Type': 'application/json; charset=utf-8', 'Content-Length': '113', 'Connection': 'keep-alive', 'X-Powered-By': 'Express', 'Access-Control-Allow-Origin': '*', 'Etag': 'W/"71-P7rVWOzFa1BRR/3TmIODsvyxx1Y"', 'Via': '1.1 vegur', 'CF-Cache-Status': 'DYNAMIC', 'Expect-CT': 'max-age=604800, report-uri="https://report-uri.cloudflare.com/cdn-cgi/beacon/expect-ct"', 'Report-To': '{"endpoints":[{"url":"https:\\/\\/a.nel.cloudflare.com\\/report\\/v3?s=6qHHTYeYT5JgpE5NR3mVlEXEsWbAxqpkepGEs99atMvk4GeSoqwLM5DzlcF%2BpwL1W3F424Q4S5H2P4jlJ6%2BP3ujQfpg5SqBS8LLf5me9mpskg%2BprQdRvYez4G00%3D"}],"group":"cf-nel","max_age":604800}', 'NEL': '{"success_fraction":0,"report_to":"cf-nel","max_age":604800}', 'Server': 'cloudflare', 'CF-RAY': '6e71be292ad2993f-FRA', 'alt-svc': 'h3=":443"; ma=86400, h3-29=":443"; ma=86400'} 
 body={"name":"morpheus","job":"leader","email":"morpheus@gmail.com","id":"654","createdAt":"2022-03-05T09:14:41.531Z"} 
 </msg>
<msg timestamp="20220305 12:44:41.751" level="INFO">C:\Program Files\Python310\lib\site-packages\urllib3\connectionpool.py:1013: InsecureRequestWarning: Unverified HTTPS request is being made to host 'reqres.in'. Adding certificate verification is strongly advised. See: https://urllib3.readthedocs.io/en/1.26.x/advanced-usage.html#ssl-warnings
  warnings.warn(</msg>
<msg timestamp="20220305 12:44:41.754" level="INFO">${response} = &lt;Response [201]&gt;</msg>
<status status="PASS" starttime="20220305 12:44:41.111" endtime="20220305 12:44:41.754"/>
</kw>
<kw name="Log To Console" library="BuiltIn">
<arg>${response}</arg>
<doc>Logs the given message to the console.</doc>
<status status="PASS" starttime="20220305 12:44:41.755" endtime="20220305 12:44:41.757"/>
</kw>
<tag>Import_Library</tag>
<status status="PASS" starttime="20220305 12:44:41.096" endtime="20220305 12:44:41.758"/>
</test>
<test id="s1-t2" name="TC4_Update_Request">
<kw name="Create Dictionary" library="BuiltIn">
<var>${Update_data}</var>
<arg>name=david</arg>
<arg>job=leader</arg>
<arg>email=david@gmail.com</arg>
<doc>Creates and returns a dictionary based on the given ``items``.</doc>
<msg timestamp="20220305 12:44:41.764" level="INFO">${Update_data} = {'name': 'david', 'job': 'leader', 'email': 'david@gmail.com'}</msg>
<status status="PASS" starttime="20220305 12:44:41.762" endtime="20220305 12:44:41.764"/>
</kw>
<kw name="POST On Session" library="RequestsLibrary">
<var>${response}</var>
<arg>mysession</arg>
<arg>/api/users</arg>
<arg>json=${Update_data}</arg>
<doc>Sends a POST request on a previously created HTTP Session.</doc>
<msg timestamp="20220305 12:44:41.965" level="INFO">POST Request : url=https://reqres.in/api/users 
 path_url=/api/users 
 headers={'User-Agent': 'python-requests/2.26.0', 'Accept-Encoding': 'gzip, deflate', 'Accept': 'application/json', 'Connection': 'keep-alive', 'Content-type': 'application/json', 'Content-Length': '62'} 
 body=b'{"name": "david", "job": "leader", "email": "david@gmail.com"}' 
 </msg>
<msg timestamp="20220305 12:44:41.965" level="INFO">POST Response : url=https://reqres.in/api/users 
 status=201, reason=Created 
 headers={'Date': 'Sat, 05 Mar 2022 09:14:41 GMT', 'Content-Type': 'application/json; charset=utf-8', 'Content-Length': '107', 'Connection': 'keep-alive', 'X-Powered-By': 'Express', 'Access-Control-Allow-Origin': '*', 'Etag': 'W/"6b-YRPXLRyi3XhzDg6Kow8VpzPVEhA"', 'Via': '1.1 vegur', 'CF-Cache-Status': 'DYNAMIC', 'Expect-CT': 'max-age=604800, report-uri="https://report-uri.cloudflare.com/cdn-cgi/beacon/expect-ct"', 'Report-To': '{"endpoints":[{"url":"https:\\/\\/a.nel.cloudflare.com\\/report\\/v3?s=3P2eC94UiBFqVxI1XGBTRNAk7LetCnMcSNZqOt5%2FI6f3TpmbOoB0A7XRrxrG5XagY7M6bLMRSOfhedan1w%2F8%2Fs4Dfap%2FV903DRXrxJ4WeycpFoRbhtfFyyO1CxM%3D"}],"group":"cf-nel","max_age":604800}', 'NEL': '{"success_fraction":0,"report_to":"cf-nel","max_age":604800}', 'Server': 'cloudflare', 'CF-RAY': '6e71be2acda7993f-FRA', 'alt-svc': 'h3=":443"; ma=86400, h3-29=":443"; ma=86400'} 
 body={"name":"david","job":"leader","email":"david@gmail.com","id":"527","createdAt":"2022-03-05T09:14:41.765Z"} 
 </msg>
<msg timestamp="20220305 12:44:41.966" level="INFO">C:\Program Files\Python310\lib\site-packages\urllib3\connectionpool.py:1013: InsecureRequestWarning: Unverified HTTPS request is being made to host 'reqres.in'. Adding certificate verification is strongly advised. See: https://urllib3.readthedocs.io/en/1.26.x/advanced-usage.html#ssl-warnings
  warnings.warn(</msg>
<msg timestamp="20220305 12:44:41.967" level="INFO">${response} = &lt;Response [201]&gt;</msg>
<status status="PASS" starttime="20220305 12:44:41.766" endtime="20220305 12:44:41.968"/>
</kw>
<kw name="Set Variable" library="BuiltIn">
<var>${respons_content}</var>
<arg>${response.json()}</arg>
<doc>Returns the given values which can then be assigned to a variables.</doc>
<msg timestamp="20220305 12:44:41.972" level="INFO">${respons_content} = {'name': 'david', 'job': 'leader', 'email': 'david@gmail.com', 'id': '527', 'createdAt': '2022-03-05T09:14:41.765Z'}</msg>
<status status="PASS" starttime="20220305 12:44:41.969" endtime="20220305 12:44:41.972"/>
</kw>
<kw name="Log To Console" library="BuiltIn">
<arg>${respons_content}</arg>
<doc>Logs the given message to the console.</doc>
<status status="PASS" starttime="20220305 12:44:41.973" endtime="20220305 12:44:41.975"/>
</kw>
<kw name="Get Value From Json" library="JSONLibrary">
<var>${Update_Name_Value}</var>
<arg>${respons_content}</arg>
<arg>$.name</arg>
<doc>Get Value From JSON using JSONPath</doc>
<msg timestamp="20220305 12:44:42.110" level="INFO">${Update_Name_Value} = ['david']</msg>
<status status="PASS" starttime="20220305 12:44:41.976" endtime="20220305 12:44:42.110"/>
</kw>
<kw name="Should Be Equal As Strings" library="BuiltIn">
<arg>${Update_Name_Value}</arg>
<arg>['david']</arg>
<doc>Fails if objects are unequal after converting them to strings.</doc>
<msg timestamp="20220305 12:44:42.114" level="INFO">Argument types are:
&lt;class 'list'&gt;
&lt;type 'unicode'&gt;</msg>
<status status="PASS" starttime="20220305 12:44:42.112" endtime="20220305 12:44:42.114"/>
</kw>
<kw name="Get Value From Json" library="JSONLibrary">
<var>${Update_Email_Value}</var>
<arg>${respons_content}</arg>
<arg>$.email</arg>
<doc>Get Value From JSON using JSONPath</doc>
<msg timestamp="20220305 12:44:42.223" level="INFO">${Update_Email_Value} = ['david@gmail.com']</msg>
<status status="PASS" starttime="20220305 12:44:42.115" endtime="20220305 12:44:42.224"/>
</kw>
<kw name="Should Be Equal As Strings" library="BuiltIn">
<arg>${Update_Email_Value}</arg>
<arg>['david@gmail.com']</arg>
<doc>Fails if objects are unequal after converting them to strings.</doc>
<msg timestamp="20220305 12:44:42.226" level="INFO">Argument types are:
&lt;class 'list'&gt;
&lt;type 'unicode'&gt;</msg>
<status status="PASS" starttime="20220305 12:44:42.225" endtime="20220305 12:44:42.226"/>
</kw>
<kw name="Get Value From Json" library="JSONLibrary">
<var>${Check_ID}</var>
<arg>${Update_Name_Value}</arg>
<arg>$.id</arg>
<doc>Get Value From JSON using JSONPath</doc>
<msg timestamp="20220305 12:44:42.330" level="INFO">${Check_ID} = []</msg>
<status status="PASS" starttime="20220305 12:44:42.228" endtime="20220305 12:44:42.330"/>
</kw>
<kw name="Should Be True" library="BuiltIn">
<arg>len(${Check_ID}) &lt;= 3</arg>
<doc>Fails if the given condition is not true.</doc>
<status status="PASS" starttime="20220305 12:44:42.333" endtime="20220305 12:44:42.335"/>
</kw>
<kw name="Get Value From Json" library="JSONLibrary">
<var>${CreatedAt_Value}</var>
<arg>${respons_content}</arg>
<arg>$.createdAt</arg>
<doc>Get Value From JSON using JSONPath</doc>
<msg timestamp="20220305 12:44:42.468" level="INFO">${CreatedAt_Value} = ['2022-03-05T09:14:41.765Z']</msg>
<status status="PASS" starttime="20220305 12:44:42.336" endtime="20220305 12:44:42.469"/>
</kw>
<kw name="Log To Console" library="BuiltIn">
<arg>${CreatedAt_Value}</arg>
<doc>Logs the given message to the console.</doc>
<status status="PASS" starttime="20220305 12:44:42.470" endtime="20220305 12:44:42.474"/>
</kw>
<kw name="Get From List" library="Collections">
<var>${list}</var>
<arg>${CreatedAt_Value}</arg>
<arg>0</arg>
<doc>Returns the value specified with an ``index`` from ``list``.</doc>
<msg timestamp="20220305 12:44:42.478" level="INFO">${list} = 2022-03-05T09:14:41.765Z</msg>
<status status="PASS" starttime="20220305 12:44:42.476" endtime="20220305 12:44:42.478"/>
</kw>
<kw name="Log To Console" library="BuiltIn">
<arg>${list}</arg>
<doc>Logs the given message to the console.</doc>
<status status="PASS" starttime="20220305 12:44:42.480" endtime="20220305 12:44:42.481"/>
</kw>
<kw name="Change Date" library="Import">
<var>${Jalali_Date}</var>
<arg>${list}</arg>
<msg timestamp="20220305 12:44:42.499" level="INFO">${Jalali_Date} = 1400-12-14T9:14:41</msg>
<status status="PASS" starttime="20220305 12:44:42.483" endtime="20220305 12:44:42.499"/>
</kw>
<kw name="Log To Console" library="BuiltIn">
<arg>${Jalali_Date}</arg>
<doc>Logs the given message to the console.</doc>
<status status="PASS" starttime="20220305 12:44:42.500" endtime="20220305 12:44:42.513"/>
</kw>
<tag>Import_Library</tag>
<status status="PASS" starttime="20220305 12:44:41.760" endtime="20220305 12:44:42.514"/>
</test>
<doc>A test with Post method and checking update date &amp; convert createAt date</doc>
<status status="PASS" starttime="20220305 12:44:39.474" endtime="20220305 12:44:42.526"/>
</suite>
<statistics>
<total>
<stat pass="2" fail="0" skip="0">All Tests</stat>
</total>
<tag>
<stat pass="2" fail="0" skip="0">Import_Library</stat>
</tag>
<suite>
<stat pass="2" fail="0" skip="0" id="s1" name="TC4 Put Request">TC4 Put Request</stat>
</suite>
</statistics>
<errors>
</errors>
</robot>
