<?xml version="1.0" encoding="UTF-8"?>
<robot generator="Robot 4.1.3 (Python 3.10.1 on win32)" generated="20220303 12:54:28.325" rpa="false" schemaversion="2">
<suite id="s1" name="TC4 Put Request" source="C:\Users\milad\Desktop\Project_RestAPI\ProjectApi\TeseCases\Scenarion4\TC4_Put_Request.robot">
<test id="s1-t1" name="TC4_Post_Request">
<kw name="Create Dictionary" library="BuiltIn">
<var>${header}</var>
<arg>Accept=application/json</arg>
<arg>Content-type=application/json</arg>
<doc>Creates and returns a dictionary based on the given ``items``.</doc>
<msg timestamp="20220303 12:54:29.452" level="INFO">${header} = {'Accept': 'application/json', 'Content-type': 'application/json'}</msg>
<status status="PASS" starttime="20220303 12:54:29.450" endtime="20220303 12:54:29.452"/>
</kw>
<kw name="Create Session" library="RequestsLibrary">
<arg>mysession</arg>
<arg>${Base_Url}</arg>
<arg>headers=${header}</arg>
<doc>Create Session: create a HTTP session to a server</doc>
<msg timestamp="20220303 12:54:29.455" level="INFO">Creating Session using : alias=mysession, url=https://reqres.in, headers={'Accept': 'application/json', 'Content-type': 'application/json'},                     cookies={}, auth=None, timeout=None, proxies=None, verify=False,                     debug=0 </msg>
<status status="PASS" starttime="20220303 12:54:29.453" endtime="20220303 12:54:29.456"/>
</kw>
<kw name="Create Dictionary" library="BuiltIn">
<var>${body}</var>
<arg>name=morpheus</arg>
<arg>job=leader</arg>
<arg>email=morpheus@gmail.com</arg>
<doc>Creates and returns a dictionary based on the given ``items``.</doc>
<msg timestamp="20220303 12:54:29.459" level="INFO">${body} = {'name': 'morpheus', 'job': 'leader', 'email': 'morpheus@gmail.com'}</msg>
<status status="PASS" starttime="20220303 12:54:29.457" endtime="20220303 12:54:29.459"/>
</kw>
<kw name="POST On Session" library="RequestsLibrary">
<var>${response}</var>
<arg>mysession</arg>
<arg>/api/users</arg>
<arg>json=${body}</arg>
<doc>Sends a POST request on a previously created HTTP Session.</doc>
<msg timestamp="20220303 12:54:30.056" level="INFO">POST Request : url=https://reqres.in/api/users 
 path_url=/api/users 
 headers={'User-Agent': 'python-requests/2.26.0', 'Accept-Encoding': 'gzip, deflate', 'Accept': 'application/json', 'Connection': 'keep-alive', 'Content-type': 'application/json', 'Content-Length': '68'} 
 body=b'{"name": "morpheus", "job": "leader", "email": "morpheus@gmail.com"}' 
 </msg>
<msg timestamp="20220303 12:54:30.057" level="INFO">POST Response : url=https://reqres.in/api/users 
 status=201, reason=Created 
 headers={'Date': 'Thu, 03 Mar 2022 09:24:29 GMT', 'Content-Type': 'application/json; charset=utf-8', 'Content-Length': '113', 'Connection': 'keep-alive', 'X-Powered-By': 'Express', 'Access-Control-Allow-Origin': '*', 'Etag': 'W/"71-hV4ZtfF70htGgrgtJ3OP5cjnQJs"', 'Via': '1.1 vegur', 'CF-Cache-Status': 'DYNAMIC', 'Expect-CT': 'max-age=604800, report-uri="https://report-uri.cloudflare.com/cdn-cgi/beacon/expect-ct"', 'Report-To': '{"endpoints":[{"url":"https:\\/\\/a.nel.cloudflare.com\\/report\\/v3?s=m0KOcuH8JW30AndMjLUiKIAl1Df2kCWUCX72Pfk18bXFSz66TsQTYYcmVEoun5D046fPmltS0z%2FJRetnGOBxlGRiKqvoVzt7q%2BuTWmDM80xaiZfM7FXxmr%2Fr2nw%3D"}],"group":"cf-nel","max_age":604800}', 'NEL': '{"success_fraction":0,"report_to":"cf-nel","max_age":604800}', 'Server': 'cloudflare', 'CF-RAY': '6e6151c41d709b58-FRA', 'alt-svc': 'h3=":443"; ma=86400, h3-29=":443"; ma=86400'} 
 body={"name":"morpheus","job":"leader","email":"morpheus@gmail.com","id":"895","createdAt":"2022-03-03T09:24:29.507Z"} 
 </msg>
<msg timestamp="20220303 12:54:30.058" level="INFO">C:\Program Files\Python310\lib\site-packages\urllib3\connectionpool.py:1013: InsecureRequestWarning: Unverified HTTPS request is being made to host 'reqres.in'. Adding certificate verification is strongly advised. See: https://urllib3.readthedocs.io/en/1.26.x/advanced-usage.html#ssl-warnings
  warnings.warn(</msg>
<msg timestamp="20220303 12:54:30.063" level="INFO">${response} = &lt;Response [201]&gt;</msg>
<status status="PASS" starttime="20220303 12:54:29.460" endtime="20220303 12:54:30.063"/>
</kw>
<kw name="Log To Console" library="BuiltIn">
<arg>${response.content}</arg>
<doc>Logs the given message to the console.</doc>
<status status="PASS" starttime="20220303 12:54:30.065" endtime="20220303 12:54:30.072"/>
</kw>
<kw name="Set Variable" library="BuiltIn">
<var>${respons_content}</var>
<arg>${response.json()}</arg>
<doc>Returns the given values which can then be assigned to a variables.</doc>
<msg timestamp="20220303 12:54:30.079" level="INFO">${respons_content} = {'name': 'morpheus', 'job': 'leader', 'email': 'morpheus@gmail.com', 'id': '895', 'createdAt': '2022-03-03T09:24:29.507Z'}</msg>
<status status="PASS" starttime="20220303 12:54:30.074" endtime="20220303 12:54:30.079"/>
</kw>
<kw name="Get Value From Json" library="JSONLibrary">
<var>${CreatedAt_Value}</var>
<arg>${respons_content}</arg>
<arg>$.createdAt</arg>
<doc>Get Value From JSON using JSONPath</doc>
<msg timestamp="20220303 12:54:30.201" level="INFO">${CreatedAt_Value} = ['2022-03-03T09:24:29.507Z']</msg>
<status status="PASS" starttime="20220303 12:54:30.081" endtime="20220303 12:54:30.201"/>
</kw>
<kw name="Log To Console" library="BuiltIn">
<arg>${CreatedAt_Value}</arg>
<doc>Logs the given message to the console.</doc>
<status status="PASS" starttime="20220303 12:54:30.205" endtime="20220303 12:54:30.207"/>
</kw>
<status status="PASS" starttime="20220303 12:54:29.448" endtime="20220303 12:54:30.208"/>
</test>
<status status="PASS" starttime="20220303 12:54:28.330" endtime="20220303 12:54:30.212"/>
</suite>
<statistics>
<total>
<stat pass="1" fail="0" skip="0">All Tests</stat>
</total>
<tag>
</tag>
<suite>
<stat pass="1" fail="0" skip="0" id="s1" name="TC4 Put Request">TC4 Put Request</stat>
</suite>
</statistics>
<errors>
</errors>
</robot>
