<?xml version="1.0" encoding="UTF-8"?>
<robot generator="Robot 4.1.3 (Python 3.10.1 on win32)" generated="20220303 00:12:41.110" rpa="false" schemaversion="2">
<suite id="s1" name="TC2 Post Request" source="C:\Users\milad\Desktop\Project_RestAPI\ProjectApi\TeseCases\Scenario2\TC2_Post_Request.robot">
<test id="s1-t1" name="Tc2_Create_Post_Request">
<kw name="Create Session" library="RequestsLibrary">
<arg>AddData</arg>
<arg>${Base_Url}</arg>
<doc>Create Session: create a HTTP session to a server</doc>
<msg timestamp="20220303 00:12:42.214" level="INFO">Creating Session using : alias=AddData, url=https://reqres.in, headers={},                     cookies={}, auth=None, timeout=None, proxies=None, verify=False,                     debug=0 </msg>
<status status="PASS" starttime="20220303 00:12:42.212" endtime="20220303 00:12:42.215"/>
</kw>
<kw name="Create Dictionary" library="BuiltIn">
<var>${body}</var>
<arg>name=morpheus</arg>
<arg>job=leader</arg>
<doc>Creates and returns a dictionary based on the given ``items``.</doc>
<msg timestamp="20220303 00:12:42.217" level="INFO">${body} = {'name': 'morpheus', 'job': 'leader'}</msg>
<status status="PASS" starttime="20220303 00:12:42.216" endtime="20220303 00:12:42.217"/>
</kw>
<kw name="Create Dictionary" library="BuiltIn">
<var>${header}</var>
<arg>Accept=application/json</arg>
<arg>Content-type=application/json charset=utf-8</arg>
<doc>Creates and returns a dictionary based on the given ``items``.</doc>
<msg timestamp="20220303 00:12:42.220" level="INFO">${header} = {'Accept': 'application/json', 'Content-type': 'application/json charset=utf-8'}</msg>
<status status="PASS" starttime="20220303 00:12:42.219" endtime="20220303 00:12:42.221"/>
</kw>
<kw name="POST On Session" library="RequestsLibrary">
<var>${response}</var>
<arg>AddData</arg>
<arg>/api/users</arg>
<arg>data=${body}</arg>
<doc>Sends a POST request on a previously created HTTP Session.</doc>
<msg timestamp="20220303 00:12:42.850" level="INFO">POST Request : url=https://reqres.in/api/users 
 path_url=/api/users 
 headers={'User-Agent': 'python-requests/2.26.0', 'Accept-Encoding': 'gzip, deflate', 'Accept': '*/*', 'Connection': 'keep-alive', 'Content-Length': '24', 'Content-Type': 'application/x-www-form-urlencoded'} 
 body=name=morpheus&amp;job=leader 
 </msg>
<msg timestamp="20220303 00:12:42.850" level="INFO">POST Response : url=https://reqres.in/api/users 
 status=201, reason=Created 
 headers={'Date': 'Wed, 02 Mar 2022 20:42:42 GMT', 'Content-Type': 'application/json; charset=utf-8', 'Content-Length': '84', 'Connection': 'keep-alive', 'X-Powered-By': 'Express', 'Access-Control-Allow-Origin': '*', 'Etag': 'W/"54-dTk2Fixb93fZ3JnQ6qt/0Bv6qPk"', 'Via': '1.1 vegur', 'CF-Cache-Status': 'DYNAMIC', 'Expect-CT': 'max-age=604800, report-uri="https://report-uri.cloudflare.com/cdn-cgi/beacon/expect-ct"', 'Report-To': '{"endpoints":[{"url":"https:\\/\\/a.nel.cloudflare.com\\/report\\/v3?s=myzuNfxcsbayZZCXulT84eujFVQKifmKph2KKq1zXQa8s6DNCxXejH4zrjOS5APvM5Fs0oxFj0m9SebUZw3LtJZXTeohWUZdWo%2Fq8vC6ponlNXA6EpnMjoG40sQ%3D"}],"group":"cf-nel","max_age":604800}', 'NEL': '{"success_fraction":0,"report_to":"cf-nel","max_age":604800}', 'Server': 'cloudflare', 'CF-RAY': '6e5cf5debfe46983-FRA', 'alt-svc': 'h3=":443"; ma=86400, h3-29=":443"; ma=86400'} 
 body={"name":"morpheus","job":"leader","id":"379","createdAt":"2022-03-02T20:42:42.417Z"} 
 </msg>
<msg timestamp="20220303 00:12:42.851" level="INFO">C:\Program Files\Python310\lib\site-packages\urllib3\connectionpool.py:1013: InsecureRequestWarning: Unverified HTTPS request is being made to host 'reqres.in'. Adding certificate verification is strongly advised. See: https://urllib3.readthedocs.io/en/1.26.x/advanced-usage.html#ssl-warnings
  warnings.warn(</msg>
<msg timestamp="20220303 00:12:42.859" level="INFO">${response} = &lt;Response [201]&gt;</msg>
<status status="PASS" starttime="20220303 00:12:42.222" endtime="20220303 00:12:42.859"/>
</kw>
<kw name="Log To Console" library="BuiltIn">
<arg>${response.headers}</arg>
<doc>Logs the given message to the console.</doc>
<status status="PASS" starttime="20220303 00:12:42.860" endtime="20220303 00:12:42.872"/>
</kw>
<kw name="Log To Console" library="BuiltIn">
<arg>${response.content}</arg>
<doc>Logs the given message to the console.</doc>
<status status="PASS" starttime="20220303 00:12:42.877" endtime="20220303 00:12:42.880"/>
</kw>
<kw name="Set Variable" library="BuiltIn">
<var>${json_response}</var>
<arg>${response.json()}</arg>
<doc>Returns the given values which can then be assigned to a variables.</doc>
<msg timestamp="20220303 00:12:42.884" level="INFO">${json_response} = {'name': 'morpheus', 'job': 'leader', 'id': '379', 'createdAt': '2022-03-02T20:42:42.417Z'}</msg>
<status status="PASS" starttime="20220303 00:12:42.881" endtime="20220303 00:12:42.884"/>
</kw>
<kw name="Log To Console" library="BuiltIn">
<arg>${json_response}</arg>
<doc>Logs the given message to the console.</doc>
<status status="PASS" starttime="20220303 00:12:42.885" endtime="20220303 00:12:42.887"/>
</kw>
<status status="PASS" starttime="20220303 00:12:42.211" endtime="20220303 00:12:42.889"/>
</test>
<status status="PASS" starttime="20220303 00:12:41.115" endtime="20220303 00:12:42.894"/>
</suite>
<statistics>
<total>
<stat pass="1" fail="0" skip="0">All Tests</stat>
</total>
<tag>
</tag>
<suite>
<stat pass="1" fail="0" skip="0" id="s1" name="TC2 Post Request">TC2 Post Request</stat>
</suite>
</statistics>
<errors>
</errors>
</robot>
